<?xml version="1.0" encoding="UTF-8"?>
<testng-results ignored="0" total="2" passed="2" failed="0" skipped="0">
  <reporter-output>
    <line>
      <![CDATA[Before Suite1]]>
    </line>
    <line>
      <![CDATA[Before Suite2]]>
    </line>
    <line>
      <![CDATA[before Class1]]>
    </line>
    <line>
      <![CDATA[before Class2]]>
    </line>
    <line>
      <![CDATA[before method1]]>
    </line>
    <line>
      <![CDATA[before method2]]>
    </line>
    <line>
      <![CDATA[Test1]]>
    </line>
    <line>
      <![CDATA[after method2]]>
    </line>
    <line>
      <![CDATA[after method1]]>
    </line>
    <line>
      <![CDATA[before method1]]>
    </line>
    <line>
      <![CDATA[before method2]]>
    </line>
    <line>
      <![CDATA[Test2]]>
    </line>
    <line>
      <![CDATA[after method2]]>
    </line>
    <line>
      <![CDATA[after method1]]>
    </line>
    <line>
      <![CDATA[After Class1]]>
    </line>
    <line>
      <![CDATA[After Class2]]>
    </line>
    <line>
      <![CDATA[After Suite1]]>
    </line>
    <line>
      <![CDATA[After Suite2]]>
    </line>
  </reporter-output>
  <suite started-at="2024-06-17T18:06:36 IST" name="Default suite" finished-at="2024-06-17T18:06:53 IST" duration-ms="16266">
    <groups>
    </groups>
    <test started-at="2024-06-17T18:06:36 IST" name="Default test" finished-at="2024-06-17T18:06:53 IST" duration-ms="16266">
      <class name="pactiseHomePageTest.Demo1">
        <test-method is-config="true" signature="beforeSuite1()[pri:0, instance:pactiseHomePageTest.Demo1@564fabc8]" started-at="2024-06-17T18:05:42 IST" name="beforeSuite1" finished-at="2024-06-17T18:06:15 IST" duration-ms="33321" status="PASS">
          <reporter-output>
            <line>
              <![CDATA[Before Suite1]]>
            </line>
          </reporter-output>
        </test-method> <!-- beforeSuite1 -->
        <test-method is-config="true" signature="beforeSuite2()[pri:0, instance:pactiseHomePageTest.Demo1@564fabc8]" started-at="2024-06-17T18:06:15 IST" name="beforeSuite2" finished-at="2024-06-17T18:06:36 IST" duration-ms="21294" status="PASS">
          <reporter-output>
            <line>
              <![CDATA[Before Suite2]]>
            </line>
          </reporter-output>
        </test-method> <!-- beforeSuite2 -->
        <test-method is-config="true" signature="beforeClass1()[pri:0, instance:pactiseHomePageTest.Demo1@564fabc8]" started-at="2024-06-17T18:06:36 IST" name="beforeClass1" finished-at="2024-06-17T18:06:42 IST" duration-ms="6141" status="PASS">
          <reporter-output>
            <line>
              <![CDATA[before Class1]]>
            </line>
          </reporter-output>
        </test-method> <!-- beforeClass1 -->
        <test-method is-config="true" signature="beforeClass2()[pri:0, instance:pactiseHomePageTest.Demo1@564fabc8]" started-at="2024-06-17T18:06:42 IST" name="beforeClass2" finished-at="2024-06-17T18:06:45 IST" duration-ms="2660" status="PASS">
          <reporter-output>
            <line>
              <![CDATA[before Class2]]>
            </line>
          </reporter-output>
        </test-method> <!-- beforeClass2 -->
        <test-method is-config="true" signature="beforeMethod1()[pri:0, instance:pactiseHomePageTest.Demo1@564fabc8]" started-at="2024-06-17T18:06:45 IST" name="beforeMethod1" finished-at="2024-06-17T18:06:46 IST" duration-ms="1354" status="PASS">
          <reporter-output>
            <line>
              <![CDATA[before method1]]>
            </line>
          </reporter-output>
        </test-method> <!-- beforeMethod1 -->
        <test-method is-config="true" signature="beforeMethod2()[pri:0, instance:pactiseHomePageTest.Demo1@564fabc8]" started-at="2024-06-17T18:06:46 IST" name="beforeMethod2" finished-at="2024-06-17T18:06:47 IST" duration-ms="780" status="PASS">
          <reporter-output>
            <line>
              <![CDATA[before method2]]>
            </line>
          </reporter-output>
        </test-method> <!-- beforeMethod2 -->
        <test-method signature="test1()[pri:0, instance:pactiseHomePageTest.Demo1@564fabc8]" started-at="2024-06-17T18:06:47 IST" name="test1" finished-at="2024-06-17T18:06:48 IST" duration-ms="750" status="PASS">
          <reporter-output>
            <line>
              <![CDATA[Test1]]>
            </line>
          </reporter-output>
        </test-method> <!-- test1 -->
        <test-method is-config="true" signature="aftermethod2()[pri:0, instance:pactiseHomePageTest.Demo1@564fabc8]" started-at="2024-06-17T18:06:48 IST" name="aftermethod2" finished-at="2024-06-17T18:06:49 IST" duration-ms="1000" status="PASS">
          <reporter-output>
            <line>
              <![CDATA[after method2]]>
            </line>
          </reporter-output>
        </test-method> <!-- aftermethod2 -->
        <test-method is-config="true" signature="aftermethod1()[pri:0, instance:pactiseHomePageTest.Demo1@564fabc8]" started-at="2024-06-17T18:06:49 IST" name="aftermethod1" finished-at="2024-06-17T18:06:50 IST" depends-on-methods="pactiseHomePageTest.Demo1.aftermethod2" duration-ms="544" status="PASS">
          <reporter-output>
            <line>
              <![CDATA[after method1]]>
            </line>
          </reporter-output>
        </test-method> <!-- aftermethod1 -->
        <test-method is-config="true" signature="beforeMethod1()[pri:0, instance:pactiseHomePageTest.Demo1@564fabc8]" started-at="2024-06-17T18:06:50 IST" name="beforeMethod1" finished-at="2024-06-17T18:06:50 IST" duration-ms="465" status="PASS">
          <reporter-output>
            <line>
              <![CDATA[before method1]]>
            </line>
          </reporter-output>
        </test-method> <!-- beforeMethod1 -->
        <test-method is-config="true" signature="beforeMethod2()[pri:0, instance:pactiseHomePageTest.Demo1@564fabc8]" started-at="2024-06-17T18:06:50 IST" name="beforeMethod2" finished-at="2024-06-17T18:06:50 IST" duration-ms="376" status="PASS">
          <reporter-output>
            <line>
              <![CDATA[before method2]]>
            </line>
          </reporter-output>
        </test-method> <!-- beforeMethod2 -->
        <test-method signature="test2()[pri:0, instance:pactiseHomePageTest.Demo1@564fabc8]" started-at="2024-06-17T18:06:50 IST" name="test2" finished-at="2024-06-17T18:06:51 IST" duration-ms="410" status="PASS">
          <reporter-output>
            <line>
              <![CDATA[Test2]]>
            </line>
          </reporter-output>
        </test-method> <!-- test2 -->
        <test-method is-config="true" signature="aftermethod2()[pri:0, instance:pactiseHomePageTest.Demo1@564fabc8]" started-at="2024-06-17T18:06:51 IST" name="aftermethod2" finished-at="2024-06-17T18:06:51 IST" duration-ms="396" status="PASS">
          <reporter-output>
            <line>
              <![CDATA[after method2]]>
            </line>
          </reporter-output>
        </test-method> <!-- aftermethod2 -->
        <test-method is-config="true" signature="aftermethod1()[pri:0, instance:pactiseHomePageTest.Demo1@564fabc8]" started-at="2024-06-17T18:06:51 IST" name="aftermethod1" finished-at="2024-06-17T18:06:52 IST" depends-on-methods="pactiseHomePageTest.Demo1.aftermethod2" duration-ms="454" status="PASS">
          <reporter-output>
            <line>
              <![CDATA[after method1]]>
            </line>
          </reporter-output>
        </test-method> <!-- aftermethod1 -->
        <test-method is-config="true" signature="AfterClass1()[pri:0, instance:pactiseHomePageTest.Demo1@564fabc8]" started-at="2024-06-17T18:06:52 IST" name="AfterClass1" finished-at="2024-06-17T18:06:52 IST" duration-ms="435" status="PASS">
          <reporter-output>
            <line>
              <![CDATA[After Class1]]>
            </line>
          </reporter-output>
        </test-method> <!-- AfterClass1 -->
        <test-method is-config="true" signature="AfterClass2()[pri:0, instance:pactiseHomePageTest.Demo1@564fabc8]" started-at="2024-06-17T18:06:52 IST" name="AfterClass2" finished-at="2024-06-17T18:06:53 IST" duration-ms="450" status="PASS">
          <reporter-output>
            <line>
              <![CDATA[After Class2]]>
            </line>
          </reporter-output>
        </test-method> <!-- AfterClass2 -->
        <test-method is-config="true" signature="afterSuite1()[pri:0, instance:pactiseHomePageTest.Demo1@564fabc8]" started-at="2024-06-17T18:06:53 IST" name="afterSuite1" finished-at="2024-06-17T18:06:53 IST" duration-ms="324" status="PASS">
          <reporter-output>
            <line>
              <![CDATA[After Suite1]]>
            </line>
          </reporter-output>
        </test-method> <!-- afterSuite1 -->
        <test-method is-config="true" signature="afterSuite2()[pri:0, instance:pactiseHomePageTest.Demo1@564fabc8]" started-at="2024-06-17T18:06:53 IST" name="afterSuite2" finished-at="2024-06-17T18:06:53 IST" duration-ms="425" status="PASS">
          <reporter-output>
            <line>
              <![CDATA[After Suite2]]>
            </line>
          </reporter-output>
        </test-method> <!-- afterSuite2 -->
      </class> <!-- pactiseHomePageTest.Demo1 -->
    </test> <!-- Default test -->
  </suite> <!-- Default suite -->
</testng-results>
