<?xml version="1.0" encoding="UTF-8"?>
<!-- Generated by org.testng.reporters.JUnitXMLReporter -->
<testsuite ignored="1" hostname="FFE-Asha-R" failures="0" tests="1" name="Test" time="0.132" errors="0" timestamp="2024-06-02T15:28:26 IST">
  <testcase classname="Json.CreateOrgFetchDataFromJSONFile" name="readDataFromXML" time="0.029"/>
  <testcase classname="Json.CreateOrgFetchDataFromJSONFile" name="getDataFromJson" time="0.0">
    <ignored/>
  </testcase> <!-- getDataFromJson -->
</testsuite> <!-- Test -->
